<?xml version="1.0" encoding="UTF-8"?>
<testng-results ignored="0" total="1" passed="1" failed="0" skipped="0">
  <reporter-output>
  </reporter-output>
  <suite started-at="2021-11-11T12:44:52 IST" name="Default suite" finished-at="2021-11-11T12:44:52 IST" duration-ms="73">
    <groups>
    </groups>
    <test started-at="2021-11-11T12:44:52 IST" name="Default test" finished-at="2021-11-11T12:44:52 IST" duration-ms="73">
      <class name="com.git.Deomgit1">
        <test-method signature="demogit1()[pri:0, instance:com.git.Deomgit1@229d10bd]" started-at="2021-11-11T12:44:52 IST" name="demogit1" finished-at="2021-11-11T12:44:52 IST" duration-ms="12" status="PASS">
          <reporter-output>
          </reporter-output>
        </test-method> <!-- demogit1 -->
      </class> <!-- com.git.Deomgit1 -->
    </test> <!-- Default test -->
  </suite> <!-- Default suite -->
</testng-results>
